<?xml version="1.0" encoding="UTF-8"?>
<testng-results ignored="0" total="1" passed="1" failed="0" skipped="0">
  <reporter-output>
  </reporter-output>
  <suite started-at="2024-11-07T12:33:01 IST" name="Suite" finished-at="2024-11-07T12:33:08 IST" duration-ms="7291">
    <groups>
    </groups>
    <test started-at="2024-11-07T12:33:01 IST" name="Test" finished-at="2024-11-07T12:33:08 IST" duration-ms="7291">
      <class name="seleniummavenjenkins.GoogleTest">
        <test-method is-config="true" signature="setUp()[pri:0, instance:seleniummavenjenkins.GoogleTest@20140db9]" started-at="2024-11-07T12:33:01 IST" name="setUp" finished-at="2024-11-07T12:33:08 IST" duration-ms="6997" status="PASS">
          <reporter-output>
          </reporter-output>
        </test-method> <!-- setUp -->
        <test-method signature="validateTitle()[pri:0, instance:seleniummavenjenkins.GoogleTest@20140db9]" started-at="2024-11-07T12:33:08 IST" name="validateTitle" finished-at="2024-11-07T12:33:08 IST" duration-ms="68" status="PASS">
          <reporter-output>
          </reporter-output>
        </test-method> <!-- validateTitle -->
        <test-method is-config="true" signature="tearDown()[pri:0, instance:seleniummavenjenkins.GoogleTest@20140db9]" started-at="2024-11-07T12:33:08 IST" name="tearDown" finished-at="2024-11-07T12:33:08 IST" duration-ms="168" status="PASS">
          <reporter-output>
          </reporter-output>
        </test-method> <!-- tearDown -->
      </class> <!-- seleniummavenjenkins.GoogleTest -->
    </test> <!-- Test -->
  </suite> <!-- Suite -->
</testng-results>
